2025/10/09 20:31:41 Attempting login for user 'kyamz'. Hash from DB: '$2a$14$yByMbNpg/jTjlF91bOPVbeXynJKfzHkC49EGnavuYyPK71ntXGWta'
2025/10/09 20:31:43 error: no such column: u.display_name
2025/10/09 20:31:43 error: no such column: u.display_name
2025/10/09 20:31:52 error: no such table: wallets
2025/10/09 20:31:52 error: no such table: wallets
2025/10/09 20:32:19 Attempting login for user 'kyamz'. Hash from DB: '$2a$14$yByMbNpg/jTjlF91bOPVbeXynJKfzHkC49EGnavuYyPK71ntXGWta'
2025/10/09 20:32:21 error: no such column: u.display_name
2025/10/09 20:32:21 error: no such column: u.display_name
2025/10/09 20:32:22 error: no such column: u.display_name
2025/10/09 20:32:22 error: no such column: u.display_name
2025/10/09 20:32:25 error: no such table: invites
2025/10/09 20:32:25 error: no such table: invites
2025/10/09 20:32:26 error: no such table: wallets
2025/10/09 20:32:26 error: no such table: wallets
2025/10/09 20:32:26 error: no such column: u.display_name
2025/10/09 20:32:26 error: no such column: u.display_name
2025/10/09 20:32:27 error: no such column: u.display_name
2025/10/09 20:32:27 error: no such column: u.display_name
2025/10/09 20:32:27 error: no such table: invites
2025/10/09 20:32:27 error: no such table: invites
2025/10/09 20:32:27 error: no such table: wallets
2025/10/09 20:32:27 error: no such table: wallets
2025/10/09 20:35:28 Attempting login for user 'kyamz'. Hash from DB: '$2a$14$yByMbNpg/jTjlF91bOPVbeXynJKfzHkC49EGnavuYyPK71ntXGWta'
2025/10/09 20:35:29 error: no such column: u.display_name
2025/10/09 20:35:29 error: no such column: u.display_name
2025/10/09 20:35:35 Attempting login for user 'kyamz'. Hash from DB: '$2a$14$yByMbNpg/jTjlF91bOPVbeXynJKfzHkC49EGnavuYyPK71ntXGWta'
2025/10/09 20:35:37 Attempting login for user 'kyamz'. Hash from DB: '$2a$14$yByMbNpg/jTjlF91bOPVbeXynJKfzHkC49EGnavuYyPK71ntXGWta'
2025/10/09 20:35:38 error: no such column: u.display_name
2025/10/09 20:35:38 error: no such column: u.display_name
2025/10/09 20:35:39 error: no such column: u.display_name
2025/10/09 20:35:39 error: no such column: u.display_name
2025/10/09 20:35:39 error: no such column: u.display_name
2025/10/09 20:35:39 error: no such column: u.display_name
2025/10/09 20:35:39 error: no such table: invites
2025/10/09 20:35:39 error: no such table: invites
2025/10/09 20:35:40 error: no such table: wallets
2025/10/09 20:35:40 error: no such table: wallets
2025/10/09 20:35:41 error: no such column: u.display_name
2025/10/09 20:35:41 error: no such column: u.display_name
2025/10/09 20:36:49 Attempting login for user 'kyamz'. Hash from DB: '$2a$14$yByMbNpg/jTjlF91bOPVbeXynJKfzHkC49EGnavuYyPK71ntXGWta'
2025/10/09 20:36:50 Attempting login for user 'kyamz'. Hash from DB: '$2a$14$yByMbNpg/jTjlF91bOPVbeXynJKfzHkC49EGnavuYyPK71ntXGWta'
2025/10/09 20:36:52 error: no such column: u.display_name
2025/10/09 20:36:52 error: no such column: u.display_name
2025/10/09 20:38:09 error: no such table: users
2025/10/09 20:38:11 error: no such table: users
2025/10/09 20:41:15 error: UNIQUE constraint failed: users.username
2025/10/09 20:41:18 Attempting login for user 'kyamz'. Hash from DB: '$2a$14$LTA4bZTUt4dWLaNuAK5qP.thot.cDKjXD21NMrK0rDzaPGuZOIGIC'
2025/10/09 20:44:03 Attempting login for user 'kyamz'. Hash from DB: '$2a$14$LTA4bZTUt4dWLaNuAK5qP.thot.cDKjXD21NMrK0rDzaPGuZOIGIC'
2025/10/09 20:44:04 Attempting login for user 'kyamz'. Hash from DB: '$2a$14$LTA4bZTUt4dWLaNuAK5qP.thot.cDKjXD21NMrK0rDzaPGuZOIGIC'
2025/10/09 20:44:47 Attempting login for user 'kyambuthia'. Hash from DB: '$2a$14$k7oNnB3QGRy69jYVlBRxPuCnJ2lFp0DmIZMdPVCHq0G7LIAmLhHBK'
2025/10/09 20:44:49 WebSocket handler called
2025/10/09 20:44:49 Authenticating token
2025/10/09 20:44:49 Authentication successful, upgrading connection
2025/10/09 20:44:49 Client added, launching read/write loops
2025/10/09 20:44:49 Starting read loop for client 2
2025/10/09 20:44:49 Starting write loop for client 2
2025/10/09 20:45:32 Attempting login for user 'kyamz'. Hash from DB: '$2a$14$LTA4bZTUt4dWLaNuAK5qP.thot.cDKjXD21NMrK0rDzaPGuZOIGIC'
2025/10/09 20:45:33 Attempting login for user 'kyamz'. Hash from DB: '$2a$14$LTA4bZTUt4dWLaNuAK5qP.thot.cDKjXD21NMrK0rDzaPGuZOIGIC'
2025/10/09 20:55:22 Attempting login for user 'kyamz'. Hash from DB: '$2a$14$LTA4bZTUt4dWLaNuAK5qP.thot.cDKjXD21NMrK0rDzaPGuZOIGIC'
2025/10/09 20:55:23 Attempting login for user 'kyamz'. Hash from DB: '$2a$14$LTA4bZTUt4dWLaNuAK5qP.thot.cDKjXD21NMrK0rDzaPGuZOIGIC'
2025/10/09 20:58:51 Attempting login for user 'kyamz'. Hash from DB: '$2a$14$LTA4bZTUt4dWLaNuAK5qP.thot.cDKjXD21NMrK0rDzaPGuZOIGIC'
2025/10/09 20:58:52 Attempting login for user 'kyamz'. Hash from DB: '$2a$14$LTA4bZTUt4dWLaNuAK5qP.thot.cDKjXD21NMrK0rDzaPGuZOIGIC'
2025/10/09 20:59:22 Attempting login for user 'kyambuthia'. Hash from DB: '$2a$14$k7oNnB3QGRy69jYVlBRxPuCnJ2lFp0DmIZMdPVCHq0G7LIAmLhHBK'
2025/10/09 20:59:25 WebSocket handler called
2025/10/09 20:59:25 Authenticating token
2025/10/09 20:59:25 Authentication successful, upgrading connection
2025/10/09 20:59:25 Client added, launching read/write loops
2025/10/09 20:59:25 Starting read loop for client 2
2025/10/09 20:59:25 Starting write loop for client 2
2025/10/11 15:42:54 Attempting login for user 'kyambuthia'. Hash from DB: '$2a$14$k7oNnB3QGRy69jYVlBRxPuCnJ2lFp0DmIZMdPVCHq0G7LIAmLhHBK'
2025/10/11 15:42:57 WebSocket handler called
2025/10/11 15:42:57 Authenticating token
2025/10/11 15:42:57 Authentication successful, upgrading connection
2025/10/11 15:42:57 Client added, launching read/write loops
2025/10/11 15:42:57 Starting read loop for client 2
2025/10/11 15:42:57 Starting write loop for client 2
2025/10/11 15:43:46 Attempting login for user 'kyamz'. Hash from DB: '$2a$14$LTA4bZTUt4dWLaNuAK5qP.thot.cDKjXD21NMrK0rDzaPGuZOIGIC'
2025/10/11 15:43:47 Attempting login for user 'kyamz'. Hash from DB: '$2a$14$LTA4bZTUt4dWLaNuAK5qP.thot.cDKjXD21NMrK0rDzaPGuZOIGIC'
2025/10/11 15:48:05 Attempting login for user 'kyamz'. Hash from DB: '$2a$14$LTA4bZTUt4dWLaNuAK5qP.thot.cDKjXD21NMrK0rDzaPGuZOIGIC'
2025/10/11 15:48:05 Attempting login for user 'kyamz'. Hash from DB: '$2a$14$LTA4bZTUt4dWLaNuAK5qP.thot.cDKjXD21NMrK0rDzaPGuZOIGIC'
2025/10/11 16:14:58 Attempting login for user 'kyamz'. Hash from DB: '$2a$14$LTA4bZTUt4dWLaNuAK5qP.thot.cDKjXD21NMrK0rDzaPGuZOIGIC'
2025/10/11 16:14:59 Attempting login for user 'kyamz'. Hash from DB: '$2a$14$LTA4bZTUt4dWLaNuAK5qP.thot.cDKjXD21NMrK0rDzaPGuZOIGIC'
2025/10/11 16:15:14 Attempting login for user 'kyambuthia'. Hash from DB: '$2a$14$k7oNnB3QGRy69jYVlBRxPuCnJ2lFp0DmIZMdPVCHq0G7LIAmLhHBK'
2025/10/11 16:15:19 WebSocket handler called
2025/10/11 16:15:19 Authenticating token
2025/10/11 16:15:19 Authentication successful, upgrading connection
2025/10/11 16:15:19 Client added, launching read/write loops
2025/10/11 16:15:19 Starting read loop for client 2
2025/10/11 16:15:19 Starting write loop for client 2
2025/10/11 16:16:45 Exiting read loop for client 2
2025/10/11 16:16:45 Exiting write loop for client 2
2025/10/11 16:17:05 Attempting login for user 'kyamz'. Hash from DB: '$2a$14$LTA4bZTUt4dWLaNuAK5qP.thot.cDKjXD21NMrK0rDzaPGuZOIGIC'
2025/10/11 16:17:06 Attempting login for user 'kyamz'. Hash from DB: '$2a$14$LTA4bZTUt4dWLaNuAK5qP.thot.cDKjXD21NMrK0rDzaPGuZOIGIC'
2025/10/11 16:17:07 WebSocket handler called
2025/10/11 16:17:07 Authenticating token
2025/10/11 16:17:07 Authentication successful, upgrading connection
2025/10/11 16:17:07 Client added, launching read/write loops
2025/10/11 16:17:07 Starting read loop for client 1
2025/10/11 16:17:07 Starting write loop for client 1
2025/10/11 16:20:10 Attempting login for user 'kyambuthia'. Hash from DB: '$2a$14$k7oNnB3QGRy69jYVlBRxPuCnJ2lFp0DmIZMdPVCHq0G7LIAmLhHBK'
2025/10/11 16:20:16 WebSocket handler called
2025/10/11 16:20:16 Authenticating token
2025/10/11 16:20:16 Authentication successful, upgrading connection
2025/10/11 16:20:16 Client added, launching read/write loops
2025/10/11 16:20:16 Starting read loop for client 2
2025/10/11 16:20:16 Starting write loop for client 2
2026/02/12 00:02:16 server listening on port 8080
2026/02/12 00:02:16 listen tcp :8080: socket: operation not permitted
2026/02/12 00:06:45 invalid JWT_SECRET: JWT secret must be at least 16 characters
2026/02/12 00:07:25 invalid JWT_SECRET: JWT secret must be at least 16 characters
2026/02/12 00:08:07 server listening on port 8080
2026/02/12 00:08:45 method=GET path=/ status=404 duration_ms=0
2026/02/12 00:08:45 method=GET path=/favicon.ico status=404 duration_ms=0
2026/02/12 00:09:00 method=GET path=/.well-known/appspecific/com.chrome.devtools.json status=404 duration_ms=0
2026/02/12 00:12:06 error: invalid username or password
2026/02/12 00:12:06 method=POST path=/api/login status=401 duration_ms=0
2026/02/12 00:12:09 error: invalid username or password
2026/02/12 00:12:09 method=POST path=/api/login status=401 duration_ms=0
2026/02/12 00:12:13 error: invalid username or password
2026/02/12 00:12:13 method=POST path=/api/login status=401 duration_ms=0
2026/02/12 00:12:15 error: invalid username or password
2026/02/12 00:12:15 method=POST path=/api/login status=401 duration_ms=0
2026/02/12 00:12:16 error: invalid username or password
2026/02/12 00:12:16 method=POST path=/api/login status=401 duration_ms=0
2026/02/12 00:12:16 error: invalid username or password
2026/02/12 00:12:16 method=POST path=/api/login status=401 duration_ms=0
2026/02/12 00:12:16 error: invalid username or password
2026/02/12 00:12:16 method=POST path=/api/login status=401 duration_ms=0
2026/02/12 00:12:26 method=POST path=/api/register status=201 duration_ms=1500
2026/02/12 00:12:27 error: UNIQUE constraint failed: users.username
2026/02/12 00:12:27 method=POST path=/api/register status=409 duration_ms=1472
2026/02/12 00:12:36 method=POST path=/api/login status=200 duration_ms=1376
2026/02/12 00:12:36 method=GET path=/api/invites status=200 duration_ms=0
2026/02/12 00:12:36 upgrade failed: websocket: response does not implement http.Hijacker
2026/02/12 00:12:36 http: superfluous response.WriteHeader call from github.com/kyambuthia/go-chat-site/server/internal/api.(*statusRecorder).WriteHeader (api.go:69)
2026/02/12 00:12:36 method=GET path=/ws status=500 duration_ms=0
2026/02/12 00:12:36 method=GET path=/api/contacts status=200 duration_ms=1
2026/02/12 00:12:36 method=GET path=/api/contacts status=200 duration_ms=0
2026/02/12 00:12:41 method=GET path=/api/contacts status=200 duration_ms=0
2026/02/12 00:12:41 method=GET path=/api/contacts status=200 duration_ms=0
2026/02/12 00:12:41 method=GET path=/api/invites status=200 duration_ms=0
2026/02/12 00:12:45 method=GET path=/api/me status=200 duration_ms=0
2026/02/12 00:12:45 method=GET path=/api/me status=200 duration_ms=0
2026/02/12 00:12:45 method=GET path=/api/wallet status=200 duration_ms=25
2026/02/12 00:12:45 method=GET path=/api/wallet status=200 duration_ms=26
2026/02/12 00:12:46 method=GET path=/api/invites status=200 duration_ms=0
2026/02/12 00:12:48 method=GET path=/api/contacts status=200 duration_ms=0
2026/02/12 00:12:48 method=GET path=/api/contacts status=200 duration_ms=1
2026/02/12 00:12:51 method=GET path=/api/invites status=200 duration_ms=0
2026/02/12 00:12:56 method=GET path=/api/invites status=200 duration_ms=0
2026/02/12 00:13:01 method=GET path=/api/invites status=200 duration_ms=0
2026/02/12 00:13:06 method=GET path=/api/invites status=200 duration_ms=0
2026/02/12 00:13:11 method=GET path=/api/invites status=200 duration_ms=0
2026/02/12 00:13:16 method=GET path=/api/invites status=200 duration_ms=0
2026/02/12 00:13:21 method=GET path=/api/invites status=200 duration_ms=0
2026/02/12 00:13:26 method=GET path=/api/invites status=200 duration_ms=0
2026/02/12 00:13:31 method=GET path=/api/invites status=200 duration_ms=0
2026/02/12 00:13:36 method=POST path=/api/register status=201 duration_ms=1465
2026/02/12 00:13:36 method=GET path=/api/invites status=200 duration_ms=0
2026/02/12 00:13:41 method=GET path=/api/invites status=200 duration_ms=0
2026/02/12 00:13:46 method=GET path=/api/invites status=200 duration_ms=0
2026/02/12 00:13:51 method=POST path=/api/login status=200 duration_ms=1429
2026/02/12 00:13:51 method=GET path=/api/invites status=200 duration_ms=0
2026/02/12 00:13:51 upgrade failed: websocket: response does not implement http.Hijacker
2026/02/12 00:13:51 http: superfluous response.WriteHeader call from github.com/kyambuthia/go-chat-site/server/internal/api.(*statusRecorder).WriteHeader (api.go:69)
2026/02/12 00:13:51 method=GET path=/ws status=500 duration_ms=0
2026/02/12 00:13:51 method=GET path=/api/contacts status=200 duration_ms=0
2026/02/12 00:13:51 method=GET path=/api/contacts status=200 duration_ms=0
2026/02/12 00:13:51 method=GET path=/api/invites status=200 duration_ms=0
2026/02/12 00:13:53 method=GET path=/api/contacts status=200 duration_ms=0
2026/02/12 00:13:53 method=GET path=/api/contacts status=200 duration_ms=0
2026/02/12 00:13:55 method=GET path=/api/me status=200 duration_ms=0
2026/02/12 00:13:55 method=GET path=/api/me status=200 duration_ms=0
2026/02/12 00:13:55 method=GET path=/api/wallet status=200 duration_ms=27
2026/02/12 00:13:55 method=GET path=/api/wallet status=200 duration_ms=26
2026/02/12 00:13:56 method=GET path=/api/invites status=200 duration_ms=0
2026/02/12 00:13:56 method=GET path=/api/invites status=200 duration_ms=0
2026/02/12 00:13:57 method=GET path=/api/contacts status=200 duration_ms=0
2026/02/12 00:13:57 method=GET path=/api/contacts status=200 duration_ms=0
2026/02/12 00:13:59 method=GET path=/api/contacts status=200 duration_ms=0
2026/02/12 00:13:59 method=GET path=/api/contacts status=200 duration_ms=0
2026/02/12 00:14:01 method=GET path=/api/invites status=200 duration_ms=0
2026/02/12 00:14:01 method=GET path=/api/invites status=200 duration_ms=0
2026/02/12 00:14:04 method=POST path=/api/invites/send status=201 duration_ms=29
2026/02/12 00:14:05 method=GET path=/api/contacts status=200 duration_ms=0
2026/02/12 00:14:05 method=GET path=/api/contacts status=200 duration_ms=0
2026/02/12 00:14:06 method=GET path=/api/invites status=200 duration_ms=0
2026/02/12 00:14:06 method=GET path=/api/invites status=200 duration_ms=0
2026/02/12 00:14:10 method=GET path=/api/contacts status=200 duration_ms=0
2026/02/12 00:14:10 method=GET path=/api/contacts status=200 duration_ms=0
2026/02/12 00:14:11 method=GET path=/api/invites status=200 duration_ms=0
2026/02/12 00:14:11 method=GET path=/api/invites status=200 duration_ms=0
2026/02/12 00:14:16 method=GET path=/api/invites status=200 duration_ms=0
2026/02/12 00:14:21 method=GET path=/api/invites status=200 duration_ms=0
2026/02/12 00:14:23 method=POST path=/api/login status=200 duration_ms=1434
2026/02/12 00:14:23 method=GET path=/api/invites status=200 duration_ms=0
2026/02/12 00:14:23 upgrade failed: websocket: response does not implement http.Hijacker
2026/02/12 00:14:23 http: superfluous response.WriteHeader call from github.com/kyambuthia/go-chat-site/server/internal/api.(*statusRecorder).WriteHeader (api.go:69)
2026/02/12 00:14:23 method=GET path=/ws status=500 duration_ms=0
2026/02/12 00:14:23 method=GET path=/api/contacts status=200 duration_ms=0
2026/02/12 00:14:23 method=GET path=/api/contacts status=200 duration_ms=0
2026/02/12 00:14:24 method=GET path=/api/contacts status=200 duration_ms=0
2026/02/12 00:14:24 method=GET path=/api/contacts status=200 duration_ms=0
2026/02/12 00:14:26 method=GET path=/api/invites status=200 duration_ms=0
2026/02/12 00:14:27 method=GET path=/api/contacts status=200 duration_ms=0
2026/02/12 00:14:27 method=GET path=/api/contacts status=200 duration_ms=0
2026/02/12 00:14:28 method=GET path=/api/invites status=200 duration_ms=0
2026/02/12 00:14:29 method=GET path=/api/me status=200 duration_ms=0
2026/02/12 00:14:29 method=GET path=/api/me status=200 duration_ms=0
2026/02/12 00:14:29 method=GET path=/api/wallet status=200 duration_ms=27
2026/02/12 00:14:29 method=GET path=/api/wallet status=200 duration_ms=26
2026/02/12 00:14:33 method=GET path=/api/invites status=200 duration_ms=0
2026/02/12 00:14:38 method=GET path=/api/invites status=200 duration_ms=0
2026/02/12 00:14:43 method=GET path=/api/invites status=200 duration_ms=0
2026/02/12 00:14:48 method=GET path=/api/invites status=200 duration_ms=0
2026/02/12 00:14:53 method=GET path=/api/invites status=200 duration_ms=0
2026/02/12 00:14:58 method=GET path=/api/invites status=200 duration_ms=0
2026/02/12 00:15:03 method=GET path=/api/invites status=200 duration_ms=0
2026/02/12 00:15:08 method=GET path=/api/invites status=200 duration_ms=0
2026/02/12 00:15:13 method=GET path=/api/invites status=200 duration_ms=0
2026/02/12 00:15:18 method=GET path=/api/invites status=200 duration_ms=0
2026/02/12 00:15:23 method=GET path=/api/invites status=200 duration_ms=0
2026/02/12 00:15:28 method=GET path=/api/invites status=200 duration_ms=0
2026/02/12 00:15:33 method=GET path=/api/invites status=200 duration_ms=0
2026/02/12 00:15:38 method=GET path=/api/invites status=200 duration_ms=0
2026/02/12 00:15:43 method=GET path=/api/invites status=200 duration_ms=0
2026/02/12 00:15:48 method=GET path=/api/invites status=200 duration_ms=0
2026/02/12 00:15:53 method=GET path=/api/invites status=200 duration_ms=0
2026/02/12 00:15:58 method=GET path=/api/invites status=200 duration_ms=0
2026/02/12 00:16:03 method=GET path=/api/invites status=200 duration_ms=0
2026/02/12 00:16:08 method=GET path=/api/invites status=200 duration_ms=0
2026/02/12 00:16:13 method=GET path=/api/invites status=200 duration_ms=0
2026/02/12 00:16:18 method=GET path=/api/invites status=200 duration_ms=0
2026/02/12 00:16:23 method=GET path=/api/invites status=200 duration_ms=0
2026/02/12 00:16:28 method=GET path=/api/invites status=200 duration_ms=0
2026/02/12 00:16:33 method=GET path=/api/invites status=200 duration_ms=0
2026/02/12 00:16:38 method=GET path=/api/invites status=200 duration_ms=0
2026/02/12 00:16:43 method=GET path=/api/invites status=200 duration_ms=0
2026/02/12 00:16:48 method=GET path=/api/invites status=200 duration_ms=0
2026/02/12 00:16:53 method=GET path=/api/invites status=200 duration_ms=0
2026/02/12 00:16:58 method=GET path=/api/invites status=200 duration_ms=0
2026/02/12 00:17:03 method=GET path=/api/invites status=200 duration_ms=0
2026/02/12 00:17:08 method=GET path=/api/invites status=200 duration_ms=0
2026/02/12 00:17:13 method=GET path=/api/invites status=200 duration_ms=0
2026/02/12 00:17:18 method=GET path=/api/invites status=200 duration_ms=0
2026/02/12 00:17:23 method=GET path=/api/invites status=200 duration_ms=0
2026/02/12 00:17:28 method=GET path=/api/invites status=200 duration_ms=0
2026/02/12 00:17:33 method=GET path=/api/invites status=200 duration_ms=0
2026/02/12 00:17:38 method=GET path=/api/invites status=200 duration_ms=0
2026/02/12 00:17:43 method=GET path=/api/invites status=200 duration_ms=0
2026/02/12 00:17:48 method=GET path=/api/invites status=200 duration_ms=0
2026/02/12 00:17:53 method=GET path=/api/invites status=200 duration_ms=0
2026/02/12 00:17:58 method=GET path=/api/invites status=200 duration_ms=0
2026/02/12 00:18:03 method=GET path=/api/invites status=200 duration_ms=0
2026/02/12 00:18:08 method=GET path=/api/invites status=200 duration_ms=0
2026/02/12 00:18:13 method=GET path=/api/invites status=200 duration_ms=0
2026/02/12 00:18:18 method=GET path=/api/invites status=200 duration_ms=0
2026/02/12 00:18:23 method=GET path=/api/invites status=200 duration_ms=0
2026/02/12 00:18:28 method=GET path=/api/invites status=200 duration_ms=0
2026/02/12 00:18:33 method=GET path=/api/invites status=200 duration_ms=0
2026/02/12 00:18:38 method=GET path=/api/invites status=200 duration_ms=0
2026/02/12 00:18:43 method=GET path=/api/invites status=200 duration_ms=1
2026/02/12 00:18:48 method=GET path=/api/invites status=200 duration_ms=0
2026/02/12 00:18:53 method=GET path=/api/invites status=200 duration_ms=0
2026/02/12 00:18:58 method=GET path=/api/invites status=200 duration_ms=0
2026/02/12 00:19:03 method=GET path=/api/invites status=200 duration_ms=0
2026/02/12 00:19:08 method=GET path=/api/invites status=200 duration_ms=0
2026/02/12 00:19:13 method=GET path=/api/invites status=200 duration_ms=0
2026/02/12 00:19:18 method=GET path=/api/invites status=200 duration_ms=0
2026/02/12 00:19:23 method=GET path=/api/invites status=200 duration_ms=0
2026/02/12 00:19:28 method=GET path=/api/invites status=200 duration_ms=0
2026/02/12 00:19:33 method=GET path=/api/invites status=200 duration_ms=0
2026/02/12 00:19:38 method=GET path=/api/invites status=200 duration_ms=0
2026/02/12 00:19:43 method=GET path=/api/invites status=200 duration_ms=0
2026/02/12 00:19:48 method=GET path=/api/invites status=200 duration_ms=0
2026/02/12 00:19:53 method=GET path=/api/invites status=200 duration_ms=0
2026/02/12 00:19:58 method=GET path=/api/invites status=200 duration_ms=0
2026/02/12 00:20:03 method=GET path=/api/invites status=200 duration_ms=0
2026/02/12 00:20:08 method=GET path=/api/invites status=200 duration_ms=0
2026/02/12 00:20:13 method=GET path=/api/invites status=200 duration_ms=0
2026/02/12 00:20:18 method=GET path=/api/invites status=200 duration_ms=0
2026/02/12 00:20:23 method=GET path=/api/invites status=200 duration_ms=0
2026/02/12 00:20:28 method=GET path=/api/invites status=200 duration_ms=0
2026/02/12 00:26:32 method=POST path=/api/login status=200 duration_ms=1448
2026/02/12 00:26:32 method=GET path=/api/invites status=200 duration_ms=0
2026/02/12 00:26:32 upgrade failed: websocket: response does not implement http.Hijacker
2026/02/12 00:26:32 http: superfluous response.WriteHeader call from github.com/kyambuthia/go-chat-site/server/internal/api.(*statusRecorder).WriteHeader (api.go:69)
2026/02/12 00:26:32 method=GET path=/ws status=500 duration_ms=0
2026/02/12 00:26:32 method=GET path=/api/contacts status=200 duration_ms=3
2026/02/12 00:26:32 method=GET path=/api/contacts status=200 duration_ms=0
2026/02/12 00:26:37 method=GET path=/api/contacts status=200 duration_ms=0
2026/02/12 00:26:37 method=GET path=/api/contacts status=200 duration_ms=0
2026/02/12 00:26:37 method=GET path=/api/invites status=200 duration_ms=0
2026/02/12 00:26:40 method=GET path=/api/me status=200 duration_ms=0
2026/02/12 00:26:40 method=GET path=/api/me status=200 duration_ms=0
2026/02/12 00:26:40 method=GET path=/api/wallet status=200 duration_ms=27
2026/02/12 00:26:40 method=GET path=/api/wallet status=200 duration_ms=26
2026/02/12 00:26:42 method=GET path=/api/invites status=200 duration_ms=0
2026/02/12 00:26:44 method=GET path=/api/contacts status=200 duration_ms=1
2026/02/12 00:26:44 method=GET path=/api/contacts status=200 duration_ms=0
2026/02/12 00:26:46 method=GET path=/api/contacts status=200 duration_ms=0
2026/02/12 00:26:46 method=GET path=/api/contacts status=200 duration_ms=0
2026/02/12 00:26:46 method=GET path=/api/contacts status=200 duration_ms=0
2026/02/12 00:26:46 method=GET path=/api/contacts status=200 duration_ms=0
2026/02/12 00:26:47 method=GET path=/api/invites status=200 duration_ms=0
2026/02/12 00:26:51 method=POST path=/api/invites/accept status=200 duration_ms=28
2026/02/12 00:26:51 method=GET path=/api/invites status=200 duration_ms=0
2026/02/12 00:26:52 method=GET path=/api/contacts status=200 duration_ms=1
2026/02/12 00:26:52 method=GET path=/api/contacts status=200 duration_ms=0
2026/02/12 00:26:52 method=GET path=/api/invites status=200 duration_ms=0
2026/02/12 00:26:54 method=GET path=/api/contacts status=200 duration_ms=0
2026/02/12 00:26:54 method=GET path=/api/contacts status=200 duration_ms=0
2026/02/12 00:26:57 method=GET path=/api/invites status=200 duration_ms=0
2026/02/12 00:27:01 method=GET path=/api/invites status=200 duration_ms=0
2026/02/12 00:27:02 method=GET path=/api/invites status=200 duration_ms=0
2026/02/12 00:27:03 method=GET path=/api/contacts status=200 duration_ms=0
2026/02/12 00:27:03 method=GET path=/api/contacts status=200 duration_ms=0
2026/02/12 00:27:05 method=GET path=/api/contacts status=200 duration_ms=0
2026/02/12 00:27:05 method=GET path=/api/contacts status=200 duration_ms=0
2026/02/12 00:27:06 method=GET path=/api/invites status=200 duration_ms=0
2026/02/12 00:27:07 method=GET path=/api/invites status=200 duration_ms=0
2026/02/12 00:27:10 method=GET path=/api/contacts status=200 duration_ms=0
2026/02/12 00:27:10 method=GET path=/api/contacts status=200 duration_ms=0
2026/02/12 00:27:11 method=GET path=/api/invites status=200 duration_ms=0
2026/02/12 00:27:12 method=GET path=/api/invites status=200 duration_ms=0
2026/02/12 00:27:16 method=GET path=/api/invites status=200 duration_ms=0
2026/02/12 00:27:17 method=GET path=/api/contacts status=200 duration_ms=0
2026/02/12 00:27:17 method=GET path=/api/contacts status=200 duration_ms=0
2026/02/12 00:27:17 method=GET path=/api/invites status=200 duration_ms=0
2026/02/12 00:27:19 method=GET path=/api/me status=200 duration_ms=0
2026/02/12 00:27:19 method=GET path=/api/me status=200 duration_ms=0
2026/02/12 00:27:19 method=GET path=/api/wallet status=200 duration_ms=28
2026/02/12 00:27:19 method=GET path=/api/wallet status=200 duration_ms=26
2026/02/12 00:27:21 method=GET path=/api/invites status=200 duration_ms=0
2026/02/12 00:27:22 method=GET path=/api/invites status=200 duration_ms=0
2026/02/12 00:27:26 method=GET path=/api/invites status=200 duration_ms=0
2026/02/12 00:27:27 method=GET path=/api/invites status=200 duration_ms=0
2026/02/12 00:27:28 method=GET path=/api/contacts status=200 duration_ms=0
2026/02/12 00:27:28 method=GET path=/api/contacts status=200 duration_ms=0
2026/02/12 00:27:30 method=GET path=/api/contacts status=200 duration_ms=0
2026/02/12 00:27:30 method=GET path=/api/contacts status=200 duration_ms=0
2026/02/12 00:27:31 method=GET path=/api/invites status=200 duration_ms=0
2026/02/12 00:27:32 method=GET path=/api/contacts status=200 duration_ms=0
2026/02/12 00:27:32 method=GET path=/api/contacts status=200 duration_ms=0
2026/02/12 00:27:32 method=GET path=/api/invites status=200 duration_ms=0
2026/02/12 00:27:36 method=GET path=/api/invites status=200 duration_ms=0
2026/02/12 00:27:37 method=GET path=/api/invites status=200 duration_ms=0
2026/02/12 00:27:41 method=GET path=/api/invites status=200 duration_ms=0
2026/02/12 00:27:42 method=GET path=/api/invites status=200 duration_ms=0
2026/02/12 00:27:46 method=GET path=/api/invites status=200 duration_ms=0
2026/02/12 00:27:47 method=GET path=/api/invites status=200 duration_ms=0
2026/02/12 00:27:51 method=GET path=/api/invites status=200 duration_ms=0
2026/02/12 00:27:52 method=GET path=/api/invites status=200 duration_ms=0
2026/02/12 00:27:56 method=GET path=/api/invites status=200 duration_ms=0
2026/02/12 00:27:57 method=GET path=/api/invites status=200 duration_ms=0
2026/02/12 00:28:01 method=GET path=/api/invites status=200 duration_ms=0
2026/02/12 00:28:02 method=GET path=/api/invites status=200 duration_ms=0
2026/02/12 00:28:06 method=GET path=/api/invites status=200 duration_ms=0
2026/02/12 00:28:07 method=GET path=/api/invites status=200 duration_ms=0
2026/02/12 00:28:11 method=GET path=/api/invites status=200 duration_ms=0
2026/02/12 00:28:12 method=GET path=/api/invites status=200 duration_ms=0
2026/02/12 00:28:16 method=GET path=/api/invites status=200 duration_ms=0
2026/02/12 00:28:17 method=GET path=/api/invites status=200 duration_ms=0
2026/02/12 00:28:21 method=GET path=/api/invites status=200 duration_ms=0
2026/02/12 00:28:22 method=GET path=/api/invites status=200 duration_ms=0
2026/02/12 00:28:26 method=GET path=/api/invites status=200 duration_ms=0
2026/02/12 00:28:27 method=GET path=/api/invites status=200 duration_ms=0
2026/02/12 00:28:31 method=GET path=/api/invites status=200 duration_ms=0
2026/02/12 00:28:32 method=GET path=/api/invites status=200 duration_ms=0
2026/02/12 00:28:36 method=GET path=/api/invites status=200 duration_ms=0
2026/02/12 00:28:37 method=GET path=/api/invites status=200 duration_ms=0
2026/02/12 00:28:41 method=GET path=/api/invites status=200 duration_ms=0
2026/02/12 00:28:42 method=GET path=/api/invites status=200 duration_ms=0
2026/02/12 00:28:46 method=GET path=/api/invites status=200 duration_ms=0
2026/02/12 00:28:47 method=GET path=/api/invites status=200 duration_ms=0
2026/02/12 00:28:51 method=GET path=/api/invites status=200 duration_ms=0
2026/02/12 00:28:52 method=GET path=/api/invites status=200 duration_ms=0
2026/02/12 00:28:56 method=GET path=/api/invites status=200 duration_ms=0
2026/02/12 00:28:57 method=GET path=/api/invites status=200 duration_ms=0
2026/02/12 00:29:01 method=GET path=/api/contacts status=200 duration_ms=0
2026/02/12 00:29:01 method=GET path=/api/contacts status=200 duration_ms=0
2026/02/12 00:29:01 method=GET path=/api/invites status=200 duration_ms=0
2026/02/12 00:29:02 method=GET path=/api/me status=200 duration_ms=0
2026/02/12 00:29:02 method=GET path=/api/invites status=200 duration_ms=0
2026/02/12 00:29:02 method=GET path=/api/me status=200 duration_ms=0
2026/02/12 00:29:02 method=GET path=/api/wallet status=200 duration_ms=28
2026/02/12 00:29:03 method=GET path=/api/wallet status=200 duration_ms=26
2026/02/12 00:29:06 method=GET path=/api/invites status=200 duration_ms=0
2026/02/12 00:29:07 method=GET path=/api/invites status=200 duration_ms=0
2026/02/12 00:29:11 method=GET path=/api/invites status=200 duration_ms=0
2026/02/12 00:29:12 method=GET path=/api/contacts status=200 duration_ms=0
2026/02/12 00:29:12 method=GET path=/api/contacts status=200 duration_ms=0
2026/02/12 00:29:12 method=GET path=/api/invites status=200 duration_ms=0
2026/02/12 00:29:16 method=GET path=/api/invites status=200 duration_ms=0
2026/02/12 00:29:17 method=GET path=/api/invites status=200 duration_ms=0
2026/02/12 00:29:21 method=GET path=/api/invites status=200 duration_ms=0
2026/02/12 00:29:22 method=GET path=/api/invites status=200 duration_ms=0
2026/02/12 00:29:26 method=GET path=/api/invites status=200 duration_ms=0
2026/02/12 00:29:27 method=GET path=/api/invites status=200 duration_ms=0
2026/02/12 00:29:31 method=GET path=/api/invites status=200 duration_ms=0
2026/02/12 00:29:32 method=GET path=/api/invites status=200 duration_ms=0
2026/02/12 00:29:33 method=GET path=/api/contacts status=200 duration_ms=0
2026/02/12 00:29:33 method=GET path=/api/contacts status=200 duration_ms=0
2026/02/12 00:29:34 method=GET path=/api/me status=200 duration_ms=0
2026/02/12 00:29:34 method=GET path=/api/me status=200 duration_ms=0
2026/02/12 00:29:34 method=GET path=/api/wallet status=200 duration_ms=27
2026/02/12 00:29:34 method=GET path=/api/wallet status=200 duration_ms=26
2026/02/12 00:29:35 method=GET path=/api/contacts status=200 duration_ms=0
2026/02/12 00:29:35 method=GET path=/api/contacts status=200 duration_ms=0
2026/02/12 00:29:36 method=GET path=/api/invites status=200 duration_ms=0
2026/02/12 00:29:37 method=GET path=/api/contacts status=200 duration_ms=0
2026/02/12 00:29:37 method=GET path=/api/contacts status=200 duration_ms=0
2026/02/12 00:29:37 method=GET path=/api/invites status=200 duration_ms=0
2026/02/12 00:29:38 method=GET path=/api/me status=200 duration_ms=0
2026/02/12 00:29:38 method=GET path=/api/me status=200 duration_ms=0
2026/02/12 00:29:38 method=GET path=/api/wallet status=200 duration_ms=28
2026/02/12 00:29:38 method=GET path=/api/wallet status=200 duration_ms=26
2026/02/12 00:29:40 method=GET path=/api/contacts status=200 duration_ms=0
2026/02/12 00:29:40 method=GET path=/api/contacts status=200 duration_ms=0
2026/02/12 00:29:41 method=GET path=/api/invites status=200 duration_ms=0
2026/02/12 00:29:41 method=GET path=/api/contacts status=200 duration_ms=0
2026/02/12 00:29:41 method=GET path=/api/contacts status=200 duration_ms=0
2026/02/12 00:29:42 method=GET path=/api/me status=200 duration_ms=0
2026/02/12 00:29:42 method=GET path=/api/invites status=200 duration_ms=3
2026/02/12 00:29:42 method=GET path=/api/me status=200 duration_ms=0
2026/02/12 00:29:42 method=GET path=/api/wallet status=200 duration_ms=28
2026/02/12 00:29:43 method=GET path=/api/wallet status=200 duration_ms=25
2026/02/12 00:29:46 method=GET path=/api/invites status=200 duration_ms=0
2026/02/12 00:29:47 method=GET path=/api/invites status=200 duration_ms=0
2026/02/12 00:29:51 method=GET path=/api/invites status=200 duration_ms=0
2026/02/12 00:29:53 method=GET path=/api/invites status=200 duration_ms=0
2026/02/12 00:29:56 method=GET path=/api/invites status=200 duration_ms=0
2026/02/12 00:29:58 method=GET path=/api/invites status=200 duration_ms=0
2026/02/12 00:30:01 method=GET path=/api/invites status=200 duration_ms=0
2026/02/12 00:30:03 method=GET path=/api/invites status=200 duration_ms=0
2026/02/12 00:30:06 method=GET path=/api/invites status=200 duration_ms=0
2026/02/12 00:30:08 method=GET path=/api/invites status=200 duration_ms=0
2026/02/12 00:30:08 method=GET path=/api/contacts status=200 duration_ms=0
2026/02/12 00:30:08 method=GET path=/api/contacts status=200 duration_ms=0
2026/02/12 00:30:09 method=GET path=/api/contacts status=200 duration_ms=0
2026/02/12 00:30:09 method=GET path=/api/contacts status=200 duration_ms=0
2026/02/12 00:30:11 method=GET path=/api/me status=200 duration_ms=0
2026/02/12 00:30:11 method=GET path=/api/me status=200 duration_ms=0
2026/02/12 00:30:11 method=GET path=/api/wallet status=200 duration_ms=27
2026/02/12 00:30:11 method=GET path=/api/invites status=200 duration_ms=34
2026/02/12 00:30:11 method=GET path=/api/wallet status=200 duration_ms=26
2026/02/12 00:30:13 method=GET path=/api/invites status=200 duration_ms=0
2026/02/12 00:30:16 method=GET path=/api/invites status=200 duration_ms=0
2026/02/12 00:30:18 method=GET path=/api/invites status=200 duration_ms=0
2026/02/12 00:30:18 method=GET path=/api/contacts status=200 duration_ms=0
2026/02/12 00:30:18 method=GET path=/api/contacts status=200 duration_ms=0
2026/02/12 00:30:20 method=GET path=/api/contacts status=200 duration_ms=0
2026/02/12 00:30:20 method=GET path=/api/contacts status=200 duration_ms=0
2026/02/12 00:30:21 method=GET path=/api/invites status=200 duration_ms=0
2026/02/12 00:30:23 method=GET path=/api/invites status=200 duration_ms=0
2026/02/12 00:30:26 method=GET path=/api/invites status=200 duration_ms=0
2026/02/12 00:30:28 method=GET path=/api/invites status=200 duration_ms=0
2026/02/12 00:30:31 method=GET path=/api/invites status=200 duration_ms=0
2026/02/12 00:30:33 method=GET path=/api/invites status=200 duration_ms=0
2026/02/12 00:30:36 method=GET path=/api/invites status=200 duration_ms=0
2026/02/12 00:30:38 method=GET path=/api/invites status=200 duration_ms=0
2026/02/12 00:30:41 method=GET path=/api/invites status=200 duration_ms=0
2026/02/12 00:30:43 method=GET path=/api/invites status=200 duration_ms=0
2026/02/12 00:30:46 method=GET path=/api/invites status=200 duration_ms=0
2026/02/12 00:30:48 method=GET path=/api/invites status=200 duration_ms=0
2026/02/12 00:30:51 method=GET path=/api/invites status=200 duration_ms=0
2026/02/12 00:30:55 method=GET path=/api/invites status=200 duration_ms=0
2026/02/12 00:30:56 method=GET path=/api/invites status=200 duration_ms=0
2026/02/12 00:31:01 method=GET path=/api/invites status=200 duration_ms=0
2026/02/12 00:31:06 method=GET path=/api/invites status=200 duration_ms=0
2026/02/12 00:31:11 method=GET path=/api/invites status=200 duration_ms=0
2026/02/12 00:31:13 method=GET path=/api/contacts status=200 duration_ms=0
2026/02/12 00:31:13 method=GET path=/api/contacts status=200 duration_ms=0
2026/02/12 00:31:15 method=GET path=/api/me status=200 duration_ms=0
2026/02/12 00:31:15 method=GET path=/api/me status=200 duration_ms=0
2026/02/12 00:31:15 method=GET path=/api/wallet status=200 duration_ms=28
2026/02/12 00:31:15 method=GET path=/api/wallet status=200 duration_ms=26
2026/02/12 00:31:16 method=GET path=/api/invites status=200 duration_ms=0
2026/02/12 00:31:55 method=GET path=/api/invites status=200 duration_ms=0
2026/02/12 00:32:55 method=GET path=/api/invites status=200 duration_ms=0
2026/02/12 00:33:55 method=GET path=/api/invites status=200 duration_ms=0
2026/02/12 00:34:55 method=GET path=/api/invites status=200 duration_ms=0
2026/02/12 00:35:55 method=GET path=/api/invites status=200 duration_ms=1
2026/02/12 00:36:05 upgrade failed: websocket: response does not implement http.Hijacker
2026/02/12 00:36:05 http: superfluous response.WriteHeader call from github.com/kyambuthia/go-chat-site/server/internal/api.(*statusRecorder).WriteHeader (api.go:69)
2026/02/12 00:36:05 method=GET path=/ws status=500 duration_ms=0
2026/02/12 00:36:05 method=GET path=/api/invites status=200 duration_ms=0
2026/02/12 00:36:05 method=GET path=/api/contacts status=200 duration_ms=0
2026/02/12 00:36:05 method=GET path=/api/contacts status=200 duration_ms=1
2026/02/12 00:36:13 method=GET path=/api/invites status=200 duration_ms=0
2026/02/12 00:36:20 method=GET path=/api/invites status=200 duration_ms=0
2026/02/12 00:36:27 method=GET path=/api/invites status=200 duration_ms=0
2026/02/12 00:36:34 method=GET path=/api/invites status=200 duration_ms=0
2026/02/12 00:36:41 method=GET path=/api/invites status=200 duration_ms=0
2026/02/12 00:36:43 method=GET path=/api/contacts status=200 duration_ms=0
2026/02/12 00:36:48 method=GET path=/api/invites status=200 duration_ms=0
2026/02/12 00:36:55 method=GET path=/api/invites status=200 duration_ms=0
2026/02/12 00:37:55 method=GET path=/api/invites status=200 duration_ms=0
2026/02/12 00:38:55 method=GET path=/api/invites status=200 duration_ms=0
2026/02/12 00:39:15 method=GET path=/api/invites status=200 duration_ms=0
2026/02/12 00:39:17 method=GET path=/api/invites status=200 duration_ms=0
2026/02/12 00:39:17 upgrade failed: websocket: response does not implement http.Hijacker
2026/02/12 00:39:17 http: superfluous response.WriteHeader call from github.com/kyambuthia/go-chat-site/server/internal/api.(*statusRecorder).WriteHeader (api.go:69)
2026/02/12 00:39:17 method=GET path=/ws status=500 duration_ms=0
2026/02/12 00:39:17 method=GET path=/api/contacts status=200 duration_ms=0
2026/02/12 00:39:17 method=GET path=/api/contacts status=200 duration_ms=0
2026/02/12 00:39:19 method=GET path=/api/contacts status=200 duration_ms=0
2026/02/12 00:39:19 method=GET path=/api/contacts status=200 duration_ms=0
2026/02/12 00:39:22 method=GET path=/api/me status=200 duration_ms=1
2026/02/12 00:39:22 method=GET path=/api/me status=200 duration_ms=0
2026/02/12 00:39:23 method=GET path=/api/wallet status=200 duration_ms=27
2026/02/12 00:39:23 method=GET path=/api/wallet status=200 duration_ms=26
2026/02/12 00:39:24 method=GET path=/api/invites status=200 duration_ms=0
2026/02/12 00:39:24 method=GET path=/api/contacts status=200 duration_ms=0
2026/02/12 00:39:24 method=GET path=/api/contacts status=200 duration_ms=0
2026/02/12 00:39:31 method=GET path=/api/invites status=200 duration_ms=0
2026/02/12 00:39:38 method=GET path=/api/invites status=200 duration_ms=0
2026/02/12 00:39:38 method=GET path=/api/invites status=200 duration_ms=0
2026/02/12 00:39:38 method=GET path=/api/invites status=200 duration_ms=0
2026/02/12 00:39:38 upgrade failed: websocket: response does not implement http.Hijacker
2026/02/12 00:39:38 http: superfluous response.WriteHeader call from github.com/kyambuthia/go-chat-site/server/internal/api.(*statusRecorder).WriteHeader (api.go:69)
2026/02/12 00:39:38 method=GET path=/ws status=500 duration_ms=0
2026/02/12 00:39:38 method=GET path=/api/contacts status=200 duration_ms=0
2026/02/12 00:39:38 method=GET path=/api/contacts status=200 duration_ms=0
2026/02/12 00:39:39 method=GET path=/api/invites status=200 duration_ms=0
2026/02/12 00:39:39 upgrade failed: websocket: response does not implement http.Hijacker
2026/02/12 00:39:39 http: superfluous response.WriteHeader call from github.com/kyambuthia/go-chat-site/server/internal/api.(*statusRecorder).WriteHeader (api.go:69)
2026/02/12 00:39:39 method=GET path=/ws status=500 duration_ms=0
2026/02/12 00:39:39 method=GET path=/api/contacts status=200 duration_ms=0
2026/02/12 00:39:39 method=GET path=/api/contacts status=200 duration_ms=0
2026/02/12 00:39:41 method=GET path=/api/contacts status=200 duration_ms=0
2026/02/12 00:39:41 method=GET path=/api/contacts status=200 duration_ms=0
2026/02/12 00:39:43 method=GET path=/api/me status=200 duration_ms=0
2026/02/12 00:39:43 method=GET path=/api/me status=200 duration_ms=0
2026/02/12 00:39:43 method=GET path=/api/wallet status=200 duration_ms=27
2026/02/12 00:39:43 method=GET path=/api/wallet status=200 duration_ms=26
2026/02/12 00:39:45 method=GET path=/api/invites status=200 duration_ms=0
2026/02/12 00:39:46 method=GET path=/api/invites status=200 duration_ms=0
2026/02/12 00:39:47 method=GET path=/api/contacts status=200 duration_ms=0
2026/02/12 00:39:47 method=GET path=/api/contacts status=200 duration_ms=0
2026/02/12 00:39:47 method=GET path=/api/contacts status=200 duration_ms=0
2026/02/12 00:39:47 method=GET path=/api/contacts status=200 duration_ms=0
2026/02/12 00:39:52 method=GET path=/api/invites status=200 duration_ms=0
2026/02/12 00:39:53 method=GET path=/api/invites status=200 duration_ms=0
2026/02/12 00:39:59 method=GET path=/api/invites status=200 duration_ms=0
2026/02/12 00:40:00 method=GET path=/api/invites status=200 duration_ms=0
2026/02/12 00:40:06 method=GET path=/api/invites status=200 duration_ms=0
2026/02/12 00:40:07 method=GET path=/api/invites status=200 duration_ms=0
2026/02/12 00:40:13 method=GET path=/api/invites status=200 duration_ms=0
2026/02/12 00:40:14 method=GET path=/api/invites status=200 duration_ms=0
2026/02/12 00:40:20 method=GET path=/api/invites status=200 duration_ms=0
2026/02/12 00:40:21 method=GET path=/api/invites status=200 duration_ms=0
2026/02/12 00:40:27 method=GET path=/api/invites status=200 duration_ms=0
2026/02/12 00:40:28 method=GET path=/api/invites status=200 duration_ms=0
2026/02/12 00:40:34 method=GET path=/api/invites status=200 duration_ms=0
2026/02/12 00:40:35 method=GET path=/api/invites status=200 duration_ms=0
2026/02/12 00:40:41 method=GET path=/api/invites status=200 duration_ms=0
2026/02/12 00:40:42 method=GET path=/api/invites status=200 duration_ms=0
2026/02/12 00:40:48 method=GET path=/api/invites status=200 duration_ms=0
2026/02/12 00:40:49 method=GET path=/api/invites status=200 duration_ms=0
2026/02/12 00:40:55 method=GET path=/api/invites status=200 duration_ms=0
2026/02/12 00:40:56 method=GET path=/api/invites status=200 duration_ms=0
2026/02/12 00:41:02 method=GET path=/api/invites status=200 duration_ms=0
2026/02/12 00:41:03 method=GET path=/api/invites status=200 duration_ms=0
2026/02/12 00:41:09 method=GET path=/api/invites status=200 duration_ms=0
2026/02/12 00:41:10 method=GET path=/api/invites status=200 duration_ms=0
2026/02/12 00:41:12 method=GET path=/api/contacts status=200 duration_ms=0
2026/02/12 00:41:12 method=GET path=/api/contacts status=200 duration_ms=0
2026/02/12 00:41:13 method=GET path=/api/contacts status=200 duration_ms=0
2026/02/12 00:41:13 method=GET path=/api/contacts status=200 duration_ms=0
2026/02/12 00:41:15 method=GET path=/api/me status=200 duration_ms=0
2026/02/12 00:41:15 method=GET path=/api/me status=200 duration_ms=0
2026/02/12 00:41:15 method=GET path=/api/wallet status=200 duration_ms=28
2026/02/12 00:41:15 method=GET path=/api/wallet status=200 duration_ms=25
2026/02/12 00:41:16 method=GET path=/api/invites status=200 duration_ms=0
2026/02/12 00:41:17 method=GET path=/api/contacts status=200 duration_ms=0
2026/02/12 00:41:17 method=GET path=/api/contacts status=200 duration_ms=0
2026/02/12 00:41:17 method=GET path=/api/invites status=200 duration_ms=0
2026/02/12 00:41:18 method=GET path=/api/contacts status=200 duration_ms=0
2026/02/12 00:41:18 method=GET path=/api/contacts status=200 duration_ms=0
2026/02/12 00:41:19 method=GET path=/api/me status=200 duration_ms=0
2026/02/12 00:41:19 method=GET path=/api/me status=200 duration_ms=0
2026/02/12 00:41:19 method=GET path=/api/wallet status=200 duration_ms=28
2026/02/12 00:41:19 method=GET path=/api/wallet status=200 duration_ms=26
2026/02/12 00:41:22 method=GET path=/api/contacts status=200 duration_ms=0
2026/02/12 00:41:22 method=GET path=/api/contacts status=200 duration_ms=0
2026/02/12 00:41:23 method=GET path=/api/invites status=200 duration_ms=0
2026/02/12 00:41:24 method=GET path=/api/invites status=200 duration_ms=0
2026/02/12 00:41:30 method=GET path=/api/invites status=200 duration_ms=0
2026/02/12 00:41:31 method=GET path=/api/invites status=200 duration_ms=0
2026/02/12 00:41:37 method=GET path=/api/invites status=200 duration_ms=0
2026/02/12 00:41:38 method=GET path=/api/invites status=200 duration_ms=0
2026/02/12 00:41:44 method=GET path=/api/invites status=200 duration_ms=1
2026/02/12 00:41:45 method=GET path=/api/invites status=200 duration_ms=0
2026/02/12 00:41:51 method=GET path=/api/invites status=200 duration_ms=0
2026/02/12 00:41:52 method=GET path=/api/invites status=200 duration_ms=0
2026/02/12 00:41:58 method=GET path=/api/invites status=200 duration_ms=0
2026/02/12 00:41:59 method=GET path=/api/invites status=200 duration_ms=1
2026/02/12 00:42:05 method=GET path=/api/invites status=200 duration_ms=0
2026/02/12 00:42:06 method=GET path=/api/invites status=200 duration_ms=1
2026/02/12 00:42:12 method=GET path=/api/invites status=200 duration_ms=0
2026/02/12 00:42:13 method=GET path=/api/invites status=200 duration_ms=0
2026/02/12 00:42:19 method=GET path=/api/invites status=200 duration_ms=0
2026/02/12 00:42:20 method=GET path=/api/invites status=200 duration_ms=0
2026/02/12 00:42:26 method=GET path=/api/invites status=200 duration_ms=0
2026/02/12 00:42:27 method=GET path=/api/invites status=200 duration_ms=0
